number,value,params_batch_size,params_delta_min,params_fclayer1,params_fclayer2,params_first_conv_outchann,params_learning_rate,params_max_loss_reset,params_second_conv_outchann,params_split_size,params_weight_decay,state
196,0.0007158330944366753,50,0.1,180,0,10,0.00047968832292907707,1,20,0.7999999999999999,0.01658090271807065,COMPLETE
197,0.005125035271048546,50,0.1,180,0,10,0.0004887164420629848,1,20,0.7999999999999999,0.017377244163636372,COMPLETE
198,0.0028746303543448447,50,0.1,180,0,10,0.00048715888231129446,1,20,0.7999999999999999,0.018344849001315357,COMPLETE
199,0.007109037190675735,50,0.1,180,0,10,0.0004432879973931766,1,20,0.7999999999999999,0.019404877447536398,COMPLETE
