number,value,params_batch_size,params_delta_min,params_fclayer1,params_fclayer2,params_first_conv_outchann,params_learning_rate,params_max_loss_reset,params_second_conv_outchann,params_split_size,params_weight_decay,state
0,0.010820309864357114,10,0,150,30,10,2.9022073667213318e-05,3,16,0.75,0.03393779604655188,COMPLETE
1,0.07206092228492102,30,0,210,30,6,0.00030004508702367183,9,24,0.75,0.019252948427428418,COMPLETE
2,0.001442505681188777,20,0,180,90,10,0.0007297532017047227,5,20,0.7999999999999999,0.015647982634037258,COMPLETE
3,0.00217794252675958,10,0,150,30,12,8.954520534606007e-05,1,16,0.75,0.04589726501152058,COMPLETE
4,0.0026351179306705794,30,0,120,90,10,0.00013110714822629123,3,16,0.7,0.025290131443452546,COMPLETE
5,0.004537574201822281,50,0.1,210,60,10,1.6868680039123342e-05,1,24,0.7,0.016740620149436496,COMPLETE
6,0.03322065472602844,50,0,120,150,12,0.0009859436407404166,7,16,0.7,0.014120289715121748,COMPLETE
7,0.04035077095031738,40,0,150,60,12,1.0276048871961084e-05,9,20,0.75,0.026986804839462607,COMPLETE
8,0.047580262422561644,50,0,120,120,12,0.0002681162536708832,5,20,0.75,0.01473951414486174,COMPLETE
9,0.014111713320016862,40,0.1,210,60,12,0.00040192509915229876,7,24,0.7999999999999999,0.022845244083453335,COMPLETE
10,0.18664055094122886,20,0.1,180,120,6,0.0008102871357913034,5,20,0.7999999999999999,0.09521224650469713,COMPLETE
11,0.032555388286709785,10,0,180,0,8,5.690796659957577e-05,1,16,0.7999999999999999,0.04921937356969295,COMPLETE
12,0.0013918202137574553,20,0,150,0,8,0.00010453517238333492,3,20,0.7999999999999999,0.01012236287458078,COMPLETE
13,0.02526744920760393,20,0,180,0,8,0.00015499427757293113,3,20,0.7999999999999999,0.010387091281386368,COMPLETE
14,0.09541177600622178,20,0.1,180,90,8,4.531474684606789e-05,5,20,0.7999999999999999,0.010386123057836346,COMPLETE
15,0.011812325427308678,20,0,150,120,8,0.0004983255850177575,7,20,0.7999999999999999,0.013077293175109028,COMPLETE
16,0.0039590158189336455,30,0,150,90,10,0.00019704797690845894,3,24,0.7999999999999999,0.010115813514530855,COMPLETE
17,0.0025624630507081747,20,0,180,150,6,8.51003939929848e-05,3,20,0.7999999999999999,0.018734691365404916,COMPLETE
18,0.009518274913231532,30,0.1,180,0,8,0.0006364845360955365,5,20,0.75,0.03436040643180574,COMPLETE
19,0.007110070234011801,10,0,150,30,10,2.872288461579751e-05,5,24,0.7999999999999999,0.012874041647028319,COMPLETE
20,0.04130117446184158,40,0,210,60,8,0.0002622512925061166,7,20,0.75,0.0630840919842227,COMPLETE
21,0.010783100128173828,10,0,150,30,12,7.47579706883001e-05,1,16,0.75,0.04586479548982017,COMPLETE
22,0.014403032138943672,10,0,150,0,10,0.00010747669860152042,1,16,0.75,0.0438939851691946,COMPLETE
23,0.0016125137801282108,20,0,150,30,12,3.886154435652376e-05,3,16,0.75,0.0688927352434591,COMPLETE
24,0.06289090029895306,20,0,120,0,10,3.128188619918871e-05,3,16,0.7999999999999999,0.08520889955814331,COMPLETE
25,0.011397966369986533,20,0,180,90,8,1.9771484928215077e-05,3,20,0.7,0.06522911009654919,COMPLETE
26,0.013645997643470765,20,0.1,150,30,10,4.948790667169584e-05,5,24,0.7999999999999999,0.07160121468154616,COMPLETE
27,0.061251989503701525,30,0,120,60,12,6.557510614450217e-05,3,20,0.75,0.011968356343250696,COMPLETE
28,0.03309913575649261,20,0,180,0,10,3.702103188828238e-05,3,16,0.7999999999999999,0.017099312147726715,COMPLETE
29,0.034858246054500344,10,0,150,30,6,2.0318692925083825e-05,5,16,0.75,0.029599079029341783,COMPLETE
30,0.029465471704800923,30,0,180,120,8,0.00019587427482326445,5,20,0.7999999999999999,0.03538975217323925,COMPLETE
31,0.009485226799733936,10,0,150,30,12,0.0001024146047405339,1,16,0.75,0.05617634662744542,COMPLETE
32,0.008908233558759093,10,0,150,30,12,0.0003791319027942604,1,16,0.75,0.07817724234464107,COMPLETE
33,0.0009583135019056499,20,0,150,30,12,0.00013475517488324823,1,16,0.75,0.039922222542193526,COMPLETE
34,0.002045879202584426,30,0,150,0,12,0.00013715134148903907,1,16,0.75,0.03855046745005244,COMPLETE
35,0.009685745649039745,20,0,120,60,10,0.00018537355291841503,3,16,0.7,0.022271590443138947,COMPLETE
36,0.004433432919904589,20,0,150,30,12,1.1750257626890552e-05,1,16,0.75,0.055093139832895634,COMPLETE
37,0.000531269811714689,30,0,120,90,10,0.0001087192883045352,3,24,0.7,0.030147703402962005,COMPLETE
38,0.03890823225180308,30,0.1,120,90,10,0.0001204006469264932,9,24,0.7,0.02927834787787738,COMPLETE
39,0.00015339340607170015,40,0,120,90,10,0.0003439677907573006,1,24,0.7,0.015681316832619113,COMPLETE
40,1.8041250950773246e-05,40,0,120,90,10,0.00030401760960006364,1,24,0.7,0.023208289780378095,COMPLETE
41,0.000531224929727614,40,0,120,90,10,0.0003044366795744186,1,24,0.7,0.020393553521140768,COMPLETE
42,5.710139885195531e-05,40,0,120,90,10,0.0003200258498325402,1,24,0.7,0.0233162096726547,COMPLETE
43,0.003254373604431748,40,0,120,90,10,0.0003398047182336067,1,24,0.7,0.022031759447169195,COMPLETE
44,0.00018935028347186745,40,0,120,90,10,0.0004764734799773653,1,24,0.7,0.025220277123837155,COMPLETE
45,8.404426043853163e-05,40,0,120,120,10,0.0005617002345347193,1,24,0.7,0.020081218274330983,COMPLETE
46,0.0006625363416969776,50,0,120,120,10,0.0005178868766106795,1,24,0.7,0.026777273578329597,COMPLETE
47,9.902666643029079e-05,40,0.1,120,120,10,0.000901010623202202,1,24,0.7,0.02402581906296351,COMPLETE
48,0.00017903869040310382,50,0.1,120,150,10,0.0009585606346266117,1,24,0.7,0.016301933188966628,COMPLETE
49,6.814914959250019e-05,40,0.1,120,120,10,0.0006519660610915352,1,24,0.7,0.018189478720890943,COMPLETE
50,4.4862477079732346e-05,40,0.1,120,120,10,0.0006611482922929227,1,24,0.7,0.018676118170513626,COMPLETE
51,8.424957632087171e-05,40,0.1,120,120,10,0.0006693947405536446,1,24,0.7,0.01870749866858649,COMPLETE
52,0.00018834717338904737,40,0.1,120,120,10,0.000684640304958141,1,24,0.7,0.018692589172976698,COMPLETE
53,0.00033498428529128433,40,0.1,120,120,10,0.000597946365242827,1,24,0.7,0.020850764278584368,COMPLETE
54,0.0021660334896296263,40,0.1,120,150,10,0.0007665023287738006,1,24,0.7,0.017648002687721518,COMPLETE
55,0.00012554797111079098,50,0.1,120,120,10,0.00024562406317710353,1,24,0.7,0.014722201754250258,COMPLETE
56,0.0012449026806280016,40,0.1,120,150,10,0.0004369360122761219,1,24,0.7,0.019049442784399913,COMPLETE
57,0.00012751996517181396,50,0.1,120,120,10,0.000586790756933869,1,24,0.7,0.020511963955411786,COMPLETE
58,0.011390275321900845,40,0.1,120,120,10,0.0007885391221860444,3,24,0.7,0.01389691753973787,COMPLETE
59,0.0004398283432237804,40,0.1,120,120,8,0.0005591311627511044,1,24,0.7,0.023244690157004127,COMPLETE
60,0.0008558633551001549,50,0.1,120,150,10,0.000453730978119804,1,24,0.7,0.02685624297147723,COMPLETE
61,6.933037220733241e-05,40,0.1,120,120,10,0.0009211423255309966,1,24,0.7,0.02469197288022912,COMPLETE
62,0.0014988461276516317,40,0.1,120,120,10,0.0006898737811476535,1,24,0.7,0.025089759502586927,COMPLETE
63,0.000322792143560946,40,0.1,120,120,10,0.0008576402824650535,1,24,0.7,0.017751151368725633,COMPLETE
64,3.5097340150969104e-05,40,0.1,120,120,10,0.0009842578852260002,1,24,0.7,0.02110705983007546,COMPLETE
65,0.0005546970409341156,40,0.1,120,150,10,0.0009641888737036795,1,24,0.7,0.02151348972520484,COMPLETE
66,0.020753287151455878,40,0.1,120,90,10,0.0003949456417444538,3,24,0.7,0.020291692590608514,COMPLETE
67,0.0002540877612773329,40,0.1,120,120,8,0.00023206181032070638,1,24,0.7,0.028194928249325343,COMPLETE
68,0.00498167023062706,50,0.1,120,90,10,0.0008264827019490087,7,24,0.7,0.024185025850230506,COMPLETE
69,0.01883825920522213,40,0.1,210,60,10,0.00029681298651616274,3,24,0.7,0.03262304634401507,COMPLETE
70,0.002349583121637503,30,0.1,120,120,10,0.0005144552256385149,1,24,0.7,0.022924855690255198,COMPLETE
71,0.0009967718622647225,40,0.1,120,120,10,0.0006628173170504192,1,24,0.7,0.018143050880261625,COMPLETE
72,4.2462634883122516e-05,40,0.1,120,120,10,0.000730298818041253,1,24,0.7,0.01961498472264618,COMPLETE
73,7.401920156553387e-05,40,0.1,120,120,10,0.0009811765718797712,1,24,0.7,0.01679944741337546,COMPLETE
74,5.466735892696306e-05,40,0.1,120,150,10,0.0008049657015492831,1,24,0.7,0.017146625616978856,COMPLETE
75,0.00013800242741126567,40,0.1,120,150,10,0.0007515770552903263,1,24,0.7,0.014608427801013324,COMPLETE
76,4.774520008747155e-05,30,0.1,120,150,8,0.0008647364913298449,1,24,0.7,0.015778334251322523,COMPLETE
77,0.001430661976337433,30,0.1,120,150,8,0.0007423042566091163,9,24,0.7,0.015757843949601034,COMPLETE
78,0.0031144769551853337,30,0.1,120,150,8,0.0006135233200332427,3,24,0.7,0.013054962126810581,COMPLETE
79,0.002799246273934841,30,0.1,120,150,6,0.0004181314014831383,1,24,0.7,0.01209050813347394,COMPLETE
80,0.0010541674525787433,30,0.1,120,150,8,0.0008456069446495123,1,20,0.7,0.016648612888715223,COMPLETE
81,0.00045318639604374766,40,0.1,120,90,10,0.0008827024936978856,1,24,0.7,0.019702493634544353,COMPLETE
82,0.00011059657408623025,40,0.1,120,90,10,0.0007242926337735612,1,24,0.7,0.021678975178447354,COMPLETE
83,0.0005118897592183202,40,0.1,120,150,10,0.0005229402693994931,1,24,0.7,0.015435756625987734,COMPLETE
84,0.00024987401557154956,40,0.1,120,120,8,0.0009919820802049698,1,24,0.7,0.013866201408958171,COMPLETE
85,6.104634376242757e-05,40,0.1,120,90,10,0.0006358052204127278,1,24,0.7,0.025721030530974322,COMPLETE
86,0.00014045536906147997,30,0.1,120,90,10,0.0003624946296464839,1,24,0.7,0.017577789783621303,COMPLETE
87,9.332855697721242e-05,40,0.1,120,60,10,0.00017198733203270885,1,24,0.7,0.027180437931275264,COMPLETE
88,0.002787353890016675,40,0.1,120,90,10,0.0006115144942974899,1,24,0.7,0.022621598634227177,COMPLETE
89,0.004543239921331405,50,0.1,120,90,8,0.0006647021883469605,3,24,0.7,0.01933550479249957,COMPLETE
90,0.00011025634012185037,40,0.1,120,90,10,0.0007950474734244311,1,24,0.7,0.02126373672928512,COMPLETE
91,0.0003194446908310056,40,0.1,120,120,10,0.0008302751984569622,1,24,0.7,0.02564690326200558,COMPLETE
92,0.0006766681210137904,40,0.1,120,120,10,0.0004716333836170312,1,24,0.7,0.031076588292780462,COMPLETE
93,8.17716572782956e-05,40,0.1,120,150,10,0.0008884937734310988,1,24,0.7,0.02395555058119072,COMPLETE
94,0.31535171419382096,40,0.1,120,90,10,0.0005475888718246038,1,24,0.7,0.025290187946789135,COMPLETE
95,0.00012888725614175202,40,0.1,120,120,10,0.0007136387822891045,1,24,0.7,0.018590455953782305,COMPLETE
96,0.0017446105368435383,30,0.1,120,120,10,0.00022272473323059285,1,24,0.7,0.028573266204824675,COMPLETE
97,0.002821948379278183,40,0,120,90,10,0.00029869306833560984,1,24,0.7,0.016177963917272723,COMPLETE
98,0.0014555233996361495,40,0.1,120,150,6,0.0006610084468027027,1,24,0.7,0.0196896609038568,COMPLETE
99,0.00018236248579341918,40,0.1,150,120,10,0.0009088441292275529,1,24,0.7,0.023608315704815537,COMPLETE
100,0.002700545638799667,50,0,120,60,12,8.745466210089877e-05,1,24,0.7,0.01758473034435736,COMPLETE
101,8.123016159515828e-05,40,0.1,120,120,10,0.0009677703336808464,1,24,0.7,0.016650723272993974,COMPLETE
102,0.0013708877377212048,40,0.1,120,120,10,0.0007626260715657172,1,24,0.7,0.017081225023574193,COMPLETE
103,0.00041481334483250976,40,0.1,120,120,10,0.0006064435721779941,1,24,0.7,0.015182214149744543,COMPLETE
104,4.122687460039742e-05,40,0.1,120,120,10,0.0009342122096420357,1,24,0.7,0.020940626350518413,COMPLETE
105,0.0011893256567418575,40,0.1,120,120,10,0.0008019622254701214,1,24,0.7,0.021138955746171466,COMPLETE
106,0.0007784751593135298,40,0.1,120,120,10,0.0004849808605138279,1,24,0.7,0.022495175942366153,COMPLETE
107,0.0004886153619736433,40,0.1,210,90,10,0.0009982293017724926,1,24,0.7,0.026235342287369543,COMPLETE
108,0.0001229762778772662,30,0,120,150,10,0.0008843887403596391,3,24,0.7,0.024695175597945356,COMPLETE
109,0.0026220889296382664,40,0.1,120,120,10,0.0006962205052967927,7,24,0.7,0.02032555263816454,COMPLETE
110,0.0016034408006817102,40,0.1,120,90,10,0.0005560099090933328,1,24,0.7,0.018429693457886902,COMPLETE
111,4.3943756463704633e-05,40,0.1,120,120,10,0.0009275318095297828,1,24,0.7,0.019256945450032755,COMPLETE
112,0.0005821885657496751,40,0.1,120,120,10,0.0007563067122311521,1,24,0.7,0.019403729724757113,COMPLETE
113,0.0008231602725572885,40,0.1,120,120,10,0.0006405902132604102,1,24,0.7,0.021797629988184204,COMPLETE
114,0.0025080458261072637,40,0.1,120,120,10,0.0009051915328345963,1,24,0.7,0.023156061550620163,COMPLETE
115,0.0009325823397375643,40,0.1,120,150,10,0.0008339044884389635,1,24,0.7,0.020857344923481444,COMPLETE
116,0.00020819178316742182,40,0,120,120,10,0.0007184156822265707,1,24,0.7,0.019023852092365682,COMPLETE
117,0.0031245084013789893,40,0.1,120,120,10,0.00014834846508485558,1,24,0.7,0.01777272608308699,COMPLETE
118,7.983244577189908e-05,40,0.1,120,90,10,0.0007992569651669468,1,24,0.7,0.02020453576290341,COMPLETE
119,5.287094390951097e-05,40,0.1,120,150,10,0.00042339994763304937,1,24,0.7,0.022335465637003536,COMPLETE
120,0.0019463584137459596,30,0,120,150,10,0.00026825335572526867,1,24,0.7,0.02191042952652345,COMPLETE
121,4.531888189376332e-05,40,0.1,120,150,10,0.00043932762891830664,1,24,0.7,0.023848047616940204,COMPLETE
122,0.0004927915870212018,40,0.1,120,150,10,0.00032317777341811375,1,24,0.7,0.02800127524568488,COMPLETE
123,0.00018196882447227836,40,0.1,120,150,10,0.0004304247252652461,1,24,0.7,0.023301109118293663,COMPLETE
124,0.06816328167915345,40,0.1,120,150,10,0.0005174167224261684,1,24,0.7,0.01849013909556019,COMPLETE
125,0.0016522751189768313,40,0.1,120,150,10,0.0003575172122534953,1,24,0.7,0.016021622393018794,COMPLETE
126,0.0013985034776851535,40,0.1,120,150,10,0.00041333392555402334,1,24,0.7,0.022413037078757775,COMPLETE
127,0.0007029721164144576,40,0.1,120,150,10,0.00038382275020058603,1,24,0.7,0.02095704979123644,COMPLETE
128,0.0004058972874190658,40,0.1,120,150,10,0.00046292628697427334,1,24,0.7,0.019237611043851997,COMPLETE
129,0.0009221709333360195,40,0.1,120,150,8,0.0005636829191421749,1,24,0.7,0.017172988153019007,COMPLETE
130,3.2101956821861674e-05,40,0,120,150,10,0.0006089117701324312,1,20,0.7,0.014309483543460455,COMPLETE
131,0.001426443667151034,40,0,120,150,10,0.0006270987198181082,1,20,0.7,0.01417340728101206,COMPLETE
132,0.0009196974220685661,40,0,120,150,10,0.0007061286485944369,1,20,0.7,0.013706116163146693,COMPLETE
133,3.880059157381766e-05,40,0,120,150,10,0.0005828983554955038,1,20,0.7,0.015077314271943854,COMPLETE
134,0.0014913494233042002,40,0,120,150,10,0.0005824023539045737,1,20,0.7,0.014851575568165505,COMPLETE
135,0.0008364714100025594,40,0,120,150,10,0.0004970980748036443,1,20,0.7,0.012644292567378082,COMPLETE
136,0.0008476421935483813,40,0,120,150,10,0.0004432017293138706,1,20,0.7,0.011828967238479628,COMPLETE
137,0.0003119399247225374,40,0,120,150,10,0.00026940528852558115,1,20,0.7,0.01587218039468189,COMPLETE
138,0.0003519723599310964,40,0,120,150,10,0.0003302428604046577,1,20,0.7,0.026482032862343744,COMPLETE
139,0.0016481397983928521,30,0,120,150,10,0.0008314276893357742,1,20,0.7,0.024255129220051512,COMPLETE
140,0.0007527051260694861,40,0,180,150,10,0.0006409487999290499,1,20,0.7,0.01453576023273482,COMPLETE
141,0.0007675663218833506,40,0,120,120,10,0.0007518658023057007,1,20,0.7,0.019902023781327275,COMPLETE
142,0.0004681674530729651,40,0.1,120,120,10,0.0005363703692887187,1,24,0.7,0.018182307712703388,COMPLETE
143,0.000490771874319762,40,0.1,120,90,10,0.0009998795884820627,1,20,0.7,0.015271825863404564,COMPLETE
144,0.0001440142485080287,40,0.1,120,150,10,0.0006095843629676427,1,24,0.7,0.013414183347096958,COMPLETE
145,0.0011788948439061641,40,0,120,120,10,0.0008760212331094474,1,24,0.7,0.016446561565055615,COMPLETE
146,3.0787079595029354e-05,40,0.1,120,90,10,0.0006987430728747981,1,24,0.7,0.020820370838178295,COMPLETE
147,0.00010406962828710676,40,0.1,120,90,10,0.0007026500215341748,1,24,0.7,0.021724866659460544,COMPLETE
148,0.0008102897554636002,40,0.1,120,90,10,0.00039278914188146014,1,24,0.7,0.02287167604808828,COMPLETE
149,0.006944206450134516,40,0,120,90,10,0.0007693771239865461,5,24,0.7,0.020113734227188474,COMPLETE
150,0.00016099211643449962,40,0.1,120,90,10,0.0004977186250514378,1,24,0.7,0.021065624349600628,COMPLETE
151,0.0003222221101168543,40,0.1,120,90,10,0.0005888637344307733,1,24,0.7,0.0176330324825975,COMPLETE
152,0.00016826915671117604,40,0.1,120,60,10,0.0006934030386363219,1,24,0.7,0.01933601236401665,COMPLETE
153,0.0001994939724681899,40,0.1,120,120,10,0.0006542078175529204,1,24,0.7,0.025473998997085877,COMPLETE
154,8.416356722591445e-05,40,0.1,120,150,10,0.0008320636581691985,1,24,0.7,0.023829361703699432,COMPLETE
155,0.00019835075363516808,40,0.1,120,120,10,0.0009008619965969984,1,24,0.7,0.017148857105842224,COMPLETE
156,0.0008946469984948635,40,0.1,120,150,10,0.0007733732333074948,1,24,0.7,0.01841329309055182,COMPLETE
157,0.0005331616569310426,50,0.1,120,90,10,0.0005550149286013575,1,24,0.7,0.02078436749819224,COMPLETE
158,3.655668624560349e-05,40,0.1,120,120,10,0.0006233551846047507,1,24,0.7,0.021998677808561462,COMPLETE
159,0.019423137605190276,40,0,120,120,10,0.0007329507760267719,9,24,0.75,0.022539491544548394,COMPLETE
160,0.00037596344482153653,40,0.1,120,150,10,0.0004636862123606393,1,24,0.7,0.021970657619193618,COMPLETE
161,0.00023679921869188548,40,0.1,120,120,10,0.0006489149288180194,1,24,0.7,0.019931652587305428,COMPLETE
162,0.001769338082522154,40,0.1,120,120,10,0.0008211862984061,1,24,0.7,0.02446338342344443,COMPLETE
163,0.00020387597032822669,40,0.1,120,120,10,0.0009324899076359791,1,24,0.7,0.023284892355965127,COMPLETE
164,0.00019735838286578656,40,0.1,120,120,10,0.0005851168888102753,1,24,0.7,0.021160429420230716,COMPLETE
165,0.0009611222660169006,40,0.1,120,120,10,0.0006652584980785453,1,24,0.7,0.015498760062483774,COMPLETE
166,0.000992785906419158,40,0.1,120,90,10,7.080863176867651e-05,1,24,0.7,0.01895615763561563,COMPLETE
167,0.0004008430347312242,40,0.1,120,150,10,0.0005241841068883813,1,24,0.7,0.016864774443470835,COMPLETE
168,0.00013105635589454322,40,0,120,120,10,0.0007575351273076127,1,24,0.7,0.0205549018446659,COMPLETE
169,0.0041274956427514555,40,0.1,120,150,10,0.0008889999443122804,1,24,0.7,0.0219006633699394,COMPLETE
170,0.0003848714346531779,40,0.1,120,90,8,0.0006348085216287018,1,24,0.7,0.03550331880841134,COMPLETE
171,0.00032714949920773504,40,0.1,120,120,10,0.0009349488338100067,1,24,0.7,0.02482997843394266,COMPLETE
172,0.001534943957813084,40,0.1,120,120,10,0.0008248853591218429,1,24,0.7,0.027396137664532104,COMPLETE
173,0.0004999459721148014,40,0.1,120,120,10,0.0009797233121588583,1,24,0.7,0.09508787678630463,COMPLETE
174,6.771700573153794e-05,40,0.1,120,120,10,0.0007361655355363432,1,24,0.7,0.02355354942502225,COMPLETE
175,0.00016360986046493053,40,0.1,120,60,10,0.0006992031804628834,1,24,0.7,0.022796462105870805,COMPLETE
176,0.0010461165569722653,40,0.1,120,120,10,0.0002160987015026427,1,16,0.7,0.025832609779332664,COMPLETE
177,5.15240004460793e-05,40,0,120,120,10,0.0005700430789906031,1,24,0.7,0.01915931431558926,COMPLETE
178,0.00021177241578698158,40,0,120,120,10,0.0005682763793229997,1,24,0.7,0.023963649791691573,COMPLETE
179,0.055885836482048035,40,0,120,150,6,0.00042160540732129266,1,24,0.7,0.01957520987433511,COMPLETE
180,0.000258260581176728,40,0,120,150,10,0.0005103951490857935,1,24,0.7,0.021468442596462654,COMPLETE
181,0.00014678708976134658,40,0,120,120,10,0.0006278810162759009,1,24,0.7,0.018187934755989822,COMPLETE
182,0.00034989867126569154,40,0,120,120,10,0.0007225504684558171,1,24,0.7,0.0188135240340962,COMPLETE
183,7.053008303046227e-05,40,0.1,120,120,10,0.0007714892338632287,1,24,0.7,0.02001677939278266,COMPLETE
184,0.00010261076968163252,40,0,120,120,10,0.0006005919834747383,1,24,0.7,0.022428270987678994,COMPLETE
185,0.0007167113712057471,40,0.1,120,120,10,0.0008158933921656461,1,24,0.7,0.016485985563880135,COMPLETE
186,0.0005305994884110988,40,0.1,120,120,10,0.0006844294693185068,1,24,0.7,0.017891765720039473,COMPLETE
187,0.00012632057478185744,40,0,120,90,10,0.00047453507158844827,1,24,0.7,0.020646133224515296,COMPLETE
188,0.0004273429687600583,40,0.1,120,120,10,0.00036739872284122254,1,24,0.7,0.023413764849960828,COMPLETE
189,0.00024592579575255513,40,0.1,120,150,10,0.0005617269420427301,1,24,0.7,0.014649266537383928,COMPLETE
190,0.005707240756601095,40,0.1,120,120,10,1.3773846099829663e-05,1,24,0.75,0.019283354897204757,COMPLETE
191,0.0005768333445303142,40,0.1,120,120,10,0.0008987293748659096,1,24,0.7,0.02489472198211286,COMPLETE
192,0.00018588064122013748,40,0.1,120,120,10,0.0008603393705052464,1,24,0.7,0.026282633696024262,COMPLETE
193,0.0009802080923691392,40,0.1,120,120,10,0.0007425874101812016,1,24,0.7,0.021633870368854908,COMPLETE
194,0.06941840052604675,40,0.1,120,120,10,0.0009991043950417482,7,24,0.7,0.02992670884969998,COMPLETE
195,0.0052192450501024725,40,0.1,120,150,10,5.28533274063304e-05,1,24,0.7,0.023161323229775287,COMPLETE
196,0.0003397537337150425,40,0,120,90,10,0.0006473428942031972,1,24,0.7,0.024457854533780677,COMPLETE
197,0.00040612703014630824,20,0.1,120,120,10,0.0003038253883194166,1,24,0.7,0.020757778495402873,COMPLETE
198,0.002385105099529028,40,0.1,120,120,10,0.0007994474039908309,1,24,0.7,0.016108147307836,COMPLETE
199,0.002641357807442546,40,0.1,120,150,10,0.0009050124692378752,1,24,0.7,0.02226410997577713,COMPLETE
200,0.0006198111572302878,40,0,120,90,10,0.0006983869850691321,1,24,0.7,0.02002467303116156,COMPLETE
201,3.155785125272814e-05,40,0.1,120,120,10,0.0008054086640732651,1,24,0.7,0.018985101312317013,COMPLETE
