number,value,params_batch_size,params_delta_min,params_fclayer1,params_fclayer2,params_first_conv_outchann,params_learning_rate,params_max_loss_reset,params_second_conv_outchann,params_split_size,params_weight_decay,state
197,1.374697603750974e-05,50,0,210,90,12,0.0008061160774357175,1,20,0.7,0.01196866654455407,COMPLETE
198,0.005226689670234918,20,0,210,90,12,0.0007926069122582631,1,20,0.7,0.038037962673242116,COMPLETE
