number,value,params_batch_size,params_delta_min,params_fclayer1,params_fclayer2,params_first_conv_outchann,params_learning_rate,params_max_loss_reset,params_second_conv_outchann,params_split_size,params_weight_decay,state
188,0.0006911161728203296,50,0.1,120,60,6,0.00027009444165124543,1,24,0.7999999999999999,0.08587243444295985,COMPLETE
189,0.0001963942567817867,50,0.1,120,60,6,0.00021849069068730024,1,24,0.7999999999999999,0.0942794330248965,COMPLETE
190,0.000609134268015623,50,0.1,120,60,6,0.0002486870080951672,1,24,0.7999999999999999,0.08975757541040238,COMPLETE
191,0.0030811310978606345,20,0.1,120,120,6,0.0003574763340515507,1,24,0.7999999999999999,0.08154711966519343,COMPLETE
192,0.004435027614235878,50,0.1,120,60,6,0.00033589771400909603,1,24,0.7999999999999999,0.0874483441680488,COMPLETE
193,0.006407582014799118,50,0.1,120,60,6,0.0004062471198110575,1,24,0.7999999999999999,0.0690354242496256,COMPLETE
194,0.004488823935389519,50,0.1,120,60,6,0.00019287925539522758,1,24,0.7999999999999999,0.0782599160160957,COMPLETE
195,0.0003485438693314791,50,0.1,120,120,6,0.00030971524411204667,1,24,0.7999999999999999,0.08463483118181958,COMPLETE
196,0.0010693912766873836,50,0.1,120,60,6,0.0002765208619059974,1,24,0.7999999999999999,0.016579201077956424,COMPLETE
197,0.00022273398470133544,50,0.1,120,60,6,0.00036921346117798725,1,24,0.7999999999999999,0.04546075648512994,COMPLETE
198,0.002259550616145134,50,0.1,120,120,6,0.00024083384583249595,1,24,0.7999999999999999,0.0707031252058428,COMPLETE
199,0.0006422105617821216,50,0.1,120,60,6,0.0003000314913236093,1,20,0.7999999999999999,0.06644686630948177,COMPLETE
